2024-04-05 12:07:16.999  INFO 14972 --- [restartedMain] com.altruist.SsoAuthServerApplication    : Starting SsoAuthServerApplication using Java 11.0.18 on Rohit-Chopra with PID 14972 (D:\ACMP\SSO-AuthServer\target\classes started by Rohit in D:\ACMP\SSO-AuthServer)
2024-04-05 12:07:17.000  INFO 14972 --- [restartedMain] com.altruist.SsoAuthServerApplication    : No active profile set, falling back to default profiles: default
2024-04-05 12:07:17.430  INFO 14972 --- [restartedMain] o.s.b.w.embedded.tomcat.TomcatWebServer  : Tomcat initialized with port(s): 8080 (http)
2024-04-05 12:07:17.431  INFO 14972 --- [restartedMain] o.apache.catalina.core.StandardService   : Starting service [Tomcat]
2024-04-05 12:07:17.432  INFO 14972 --- [restartedMain] org.apache.catalina.core.StandardEngine  : Starting Servlet engine: [Apache Tomcat/9.0.56]
2024-04-05 12:07:17.468  INFO 14972 --- [restartedMain] o.a.c.c.C.[Tomcat].[localhost].[/]       : Initializing Spring embedded WebApplicationContext
2024-04-05 12:07:17.468  INFO 14972 --- [restartedMain] w.s.c.ServletWebServerApplicationContext : Root WebApplicationContext: initialization completed in 463 ms
2024-04-05 12:07:17.523 DEBUG 14972 --- [restartedMain] o.s.w.f.CommonsRequestLoggingFilter      : Filter 'logFilter' configured for use
2024-04-05 12:07:17.723  INFO 14972 --- [restartedMain] o.s.b.d.a.OptionalLiveReloadServer       : LiveReload server is running on port 35729
2024-04-05 12:07:17.728  INFO 14972 --- [restartedMain] o.s.b.a.e.web.EndpointLinksResolver      : Exposing 1 endpoint(s) beneath base path '/actuator'
2024-04-05 12:07:17.750  INFO 14972 --- [restartedMain] o.s.b.w.embedded.tomcat.TomcatWebServer  : Tomcat started on port(s): 8080 (http) with context path ''
2024-04-05 12:07:17.760  INFO 14972 --- [restartedMain] com.altruist.SsoAuthServerApplication    : Started SsoAuthServerApplication in 0.83 seconds (JVM running for 320.06)
2024-04-05 12:07:17.768  INFO 14972 --- [restartedMain] .ConditionEvaluationDeltaLoggingListener : Condition evaluation delta:


==========================
CONDITION EVALUATION DELTA
==========================


Positive matches:
-----------------

   LogFileWebEndpointAutoConfiguration#logFileWebEndpoint matched:
      - Log File found logging.file.name request.log (LogFileWebEndpointAutoConfiguration.LogFileCondition)
      - @ConditionalOnMissingBean (types: org.springframework.boot.actuate.logging.LogFileWebEndpoint; SearchStrategy: all) did not find any beans (OnBeanCondition)


Negative matches:
-----------------

    None


Exclusions:
-----------

    None


Unconditional classes:
----------------------

    None



2024-04-05 12:07:41.695  INFO 14972 --- [http-nio-8080-exec-2] o.a.c.c.C.[Tomcat].[localhost].[/]       : Initializing Spring DispatcherServlet 'dispatcherServlet'
2024-04-05 12:07:41.698  INFO 14972 --- [http-nio-8080-exec-2] o.s.web.servlet.DispatcherServlet        : Initializing Servlet 'dispatcherServlet'
2024-04-05 12:07:41.699  INFO 14972 --- [http-nio-8080-exec-2] o.s.web.servlet.DispatcherServlet        : Completed initialization in 1 ms
2024-04-05 12:07:41.700 DEBUG 14972 --- [http-nio-8080-exec-2] o.s.w.f.CommonsRequestLoggingFilter      : Before request [POST /user/response, headers=[user-agent:"PostmanRuntime/7.37.0", accept:"*/*", postman-token:"dfaa0a0f-c6fb-4c2a-99bc-513925fd8eca", host:"localhost:8080", accept-encoding:"gzip, deflate, br", connection:"keep-alive", content-length:"42", Content-Type:"application/json;charset=UTF-8"]]
2024-04-05 12:07:41.723  WARN 14972 --- [http-nio-8080-exec-2] .m.m.a.ExceptionHandlerExceptionResolver : Resolved [org.springframework.web.bind.MethodArgumentNotValidException: Validation failed for argument [0] in public java.lang.String com.altruist.controller.UserController.userResponse(com.altruist.request.RequestDto,java.lang.String): [Field error in object 'requestDto' on field 'deptName': rejected value [Hr]; codes [Pattern.requestDto.deptName,Pattern.deptName,Pattern.java.lang.String,Pattern]; arguments [org.springframework.context.support.DefaultMessageSourceResolvable: codes [requestDto.deptName,deptName]; arguments []; default message [deptName],[Ljavax.validation.constraints.Pattern$Flag;@4a1a2d9b,^(tech|account|finance)$]; default message [deptName can only be tech,account,finance]] ]
2024-04-05 12:07:41.725 DEBUG 14972 --- [http-nio-8080-exec-2] o.s.w.f.CommonsRequestLoggingFilter      : REQUEST DATA: POST /user/response, headers=[user-agent:"PostmanRuntime/7.37.0", accept:"*/*", postman-token:"dfaa0a0f-c6fb-4c2a-99bc-513925fd8eca", host:"localhost:8080", accept-encoding:"gzip, deflate, br", connection:"keep-alive", content-length:"42", Content-Type:"application/json;charset=UTF-8"], payload={
    "deptId":2,
    "deptName":"Hr"
}]
2024-04-05 12:08:04.132  INFO 14972 --- [restartedMain] com.altruist.SsoAuthServerApplication    : Starting SsoAuthServerApplication using Java 11.0.18 on Rohit-Chopra with PID 14972 (D:\ACMP\SSO-AuthServer\target\classes started by Rohit in D:\ACMP\SSO-AuthServer)
2024-04-05 12:08:04.132  INFO 14972 --- [restartedMain] com.altruist.SsoAuthServerApplication    : No active profile set, falling back to default profiles: default
2024-04-05 12:08:04.544  INFO 14972 --- [restartedMain] o.s.b.w.embedded.tomcat.TomcatWebServer  : Tomcat initialized with port(s): 8080 (http)
2024-04-05 12:08:04.546  INFO 14972 --- [restartedMain] o.apache.catalina.core.StandardService   : Starting service [Tomcat]
2024-04-05 12:08:04.546  INFO 14972 --- [restartedMain] org.apache.catalina.core.StandardEngine  : Starting Servlet engine: [Apache Tomcat/9.0.56]
2024-04-05 12:08:04.567  INFO 14972 --- [restartedMain] o.a.c.c.C.[Tomcat].[localhost].[/]       : Initializing Spring embedded WebApplicationContext
2024-04-05 12:08:04.567  INFO 14972 --- [restartedMain] w.s.c.ServletWebServerApplicationContext : Root WebApplicationContext: initialization completed in 431 ms
2024-04-05 12:08:04.606 DEBUG 14972 --- [restartedMain] o.s.w.f.CommonsRequestLoggingFilter      : Filter 'logFilter' configured for use
2024-04-05 12:08:04.780  INFO 14972 --- [restartedMain] o.s.b.d.a.OptionalLiveReloadServer       : LiveReload server is running on port 35729
2024-04-05 12:08:04.785  INFO 14972 --- [restartedMain] o.s.b.a.e.web.EndpointLinksResolver      : Exposing 1 endpoint(s) beneath base path '/actuator'
2024-04-05 12:08:04.802  INFO 14972 --- [restartedMain] o.s.b.w.embedded.tomcat.TomcatWebServer  : Tomcat started on port(s): 8080 (http) with context path ''
2024-04-05 12:08:04.812  INFO 14972 --- [restartedMain] com.altruist.SsoAuthServerApplication    : Started SsoAuthServerApplication in 0.727 seconds (JVM running for 367.112)
2024-04-05 12:08:04.814  INFO 14972 --- [restartedMain] .ConditionEvaluationDeltaLoggingListener : Condition evaluation unchanged
2024-04-05 12:08:13.346  INFO 14972 --- [http-nio-8080-exec-2] o.a.c.c.C.[Tomcat].[localhost].[/]       : Initializing Spring DispatcherServlet 'dispatcherServlet'
2024-04-05 12:08:13.346  INFO 14972 --- [http-nio-8080-exec-2] o.s.web.servlet.DispatcherServlet        : Initializing Servlet 'dispatcherServlet'
2024-04-05 12:08:13.348  INFO 14972 --- [http-nio-8080-exec-2] o.s.web.servlet.DispatcherServlet        : Completed initialization in 0 ms
2024-04-05 12:08:13.348 DEBUG 14972 --- [http-nio-8080-exec-2] o.s.w.f.CommonsRequestLoggingFilter      : Before request [POST /user/response, headers=[user-agent:"PostmanRuntime/7.37.0", accept:"*/*", postman-token:"331a61da-2dd8-4eae-a856-9f4cb99f2c82", host:"localhost:8080", accept-encoding:"gzip, deflate, br", connection:"keep-alive", content-length:"42", Content-Type:"application/json;charset=UTF-8"]]
2024-04-05 12:08:13.364  WARN 14972 --- [http-nio-8080-exec-2] .m.m.a.ExceptionHandlerExceptionResolver : Resolved [org.springframework.web.bind.MethodArgumentNotValidException: Validation failed for argument [0] in public java.lang.String com.altruist.controller.UserController.userResponse(com.altruist.request.RequestDto,java.lang.String): [Field error in object 'requestDto' on field 'deptName': rejected value [Hr]; codes [Pattern.requestDto.deptName,Pattern.deptName,Pattern.java.lang.String,Pattern]; arguments [org.springframework.context.support.DefaultMessageSourceResolvable: codes [requestDto.deptName,deptName]; arguments []; default message [deptName],[Ljavax.validation.constraints.Pattern$Flag;@4a1a2d9b,^(tech|account|finance)$]; default message [deptName can only be tech,account,finance]] ]
2024-04-05 12:08:13.365 DEBUG 14972 --- [http-nio-8080-exec-2] o.s.w.f.CommonsRequestLoggingFilter      : REQUEST DATA: POST /user/response, headers=[user-agent:"PostmanRuntime/7.37.0", accept:"*/*", postman-token:"331a61da-2dd8-4eae-a856-9f4cb99f2c82", host:"localhost:8080", accept-encoding:"gzip, deflate, br", connection:"keep-alive", content-length:"42", Content-Type:"application/json;charset=UTF-8"], payload={
    "deptId":2,
    "deptName":"Hr"
}]
